<?xml version="1.0" encoding="UTF-8"?>
<!-- Generated by org.testng.reporters.JUnitReportReporter -->
<testsuite hostname="WINDOWS-0KUD2O4" failures="0" tests="10" name="com.urbanladder.runner.Runner" time="117.579" errors="0" timestamp="2021-09-26T13:13:08 IST" skipped="1">
  <testcase classname="com.urbanladder.runner.Runner" name="Login" time="10.753"/>
  <system-out/>
  <testcase classname="com.urbanladder.runner.Runner" name="DiningTable" time="0.000">
    <skipped/>
  </testcase> <!-- DiningTable -->
  <system-out/>
  <testcase classname="com.urbanladder.runner.Runner" name="Sale" time="12.257"/>
  <system-out/>
  <testcase classname="com.urbanladder.runner.Runner" name="Living" time="10.265"/>
  <system-out/>
  <testcase classname="com.urbanladder.runner.Runner" name="Bedroom" time="9.051"/>
  <system-out/>
  <testcase classname="com.urbanladder.runner.Runner" name="Storage" time="19.487"/>
  <system-out/>
  <testcase classname="com.urbanladder.runner.Runner" name="Study" time="15.298"/>
  <system-out/>
  <testcase classname="com.urbanladder.runner.Runner" name="Kids" time="15.662"/>
  <system-out/>
  <testcase classname="com.urbanladder.runner.Runner" name="GiftCard" time="21.247"/>
  <system-out/>
  <testcase classname="com.urbanladder.runner.Runner" name="BulkOrder" time="3.559"/>
  <system-out/>
</testsuite> <!-- com.urbanladder.runner.Runner -->
